  Compiling CUDA source file kernel.cu...
  
  C:\Users\gabri\OneDrive\Documentos\UNIVERSIDAD\8-Semestre\PA en Paralelo\Periodo 2\Project2\CudaCovidPropagation\CudaRuntime1\CudaRuntime1>"C:\Program Files\NVIDIA GPU Computing Toolkit\CUDA\v12.6\bin\nvcc.exe" -gencode=arch=compute_52,code=\"sm_52,compute_52\" --use-local-env -ccbin "C:\Program Files\Microsoft Visual Studio\2022\Community\VC\Tools\MSVC\14.39.33519\bin\HostX64\x64" -x cu   -I"C:\Program Files\NVIDIA GPU Computing Toolkit\CUDA\v12.6\include" -I"C:\Program Files\NVIDIA GPU Computing Toolkit\CUDA\v12.6\include"  -G   --keep-dir x64\Debug  -maxrregcount=0   --machine 64 --compile -cudart static  -g  -DWIN32 -DWIN64 -D_DEBUG -D_CONSOLE -D_MBCS -Xcompiler "/EHsc /W3 /nologo /Od /FS /Zi /RTC1 /MDd " -Xcompiler "/Fdx64\Debug\vc143.pdb" -o "C:\Users\gabri\OneDrive\Documentos\UNIVERSIDAD\8-Semestre\PA en Paralelo\Periodo 2\Project2\CudaCovidPropagation\CudaRuntime1\CudaRuntime1\x64\Debug\kernel.cu.obj" "C:\Users\gabri\OneDrive\Documentos\UNIVERSIDAD\8-Semestre\PA en Paralelo\Periodo 2\Project2\CudaCovidPropagation\CudaRuntime1\CudaRuntime1\kernel.cu" 
C:\Users\gabri\OneDrive\Documentos\UNIVERSIDAD\8-Semestre\PA en Paralelo\Periodo 2\Project2\CudaCovidPropagation\CudaRuntime1\CudaRuntime1\kernel.cu(412): warning #224-D: the format string requires additional arguments
        printf("50% of population infected by day %d\n", half_population_day + 1);
                                                                                ^
  
  Remark: The warnings can be suppressed with "-diag-suppress <warning-number>"
  
C:\Users\gabri\OneDrive\Documentos\UNIVERSIDAD\8-Semestre\PA en Paralelo\Periodo 2\Project2\CudaCovidPropagation\CudaRuntime1\CudaRuntime1\kernel.cu(413): warning #224-D: the format string requires additional arguments
        printf("100% of population infected by day %d\n", full_population_day + 1);
                                                                                 ^
  
  kernel.cu
  tmpxft_00007690_00000000-7_kernel.cudafe1.cpp
C:\Users\gabri\OneDrive\Documentos\UNIVERSIDAD\8-Semestre\PA en Paralelo\Periodo 2\Project2\CudaCovidPropagation\CudaRuntime1\CudaRuntime1\kernel.cu(93): warning C4244: 'inicializando': conversión de 'time_t' a 'unsigned int'; posible pérdida de datos
C:\Users\gabri\OneDrive\Documentos\UNIVERSIDAD\8-Semestre\PA en Paralelo\Periodo 2\Project2\CudaCovidPropagation\CudaRuntime1\CudaRuntime1\kernel.cu(257): warning C4244: 'inicializando': conversión de 'time_t' a 'unsigned int'; posible pérdida de datos
C:\Users\gabri\OneDrive\Documentos\UNIVERSIDAD\8-Semestre\PA en Paralelo\Periodo 2\Project2\CudaCovidPropagation\CudaRuntime1\CudaRuntime1\kernel.cu(264): warning C4244: 'inicializando': conversión de 'time_t' a 'unsigned int'; posible pérdida de datos
C:\Users\gabri\OneDrive\Documentos\UNIVERSIDAD\8-Semestre\PA en Paralelo\Periodo 2\Project2\CudaCovidPropagation\CudaRuntime1\CudaRuntime1\kernel.cu(412): warning C4473: "printf": no se pasaron suficientes argumentos para la cadena de formato
  C:\Users\gabri\OneDrive\Documentos\UNIVERSIDAD\8-Semestre\PA en Paralelo\Periodo 2\Project2\CudaCovidPropagation\CudaRuntime1\CudaRuntime1\kernel.cu(412): note: los marcadores de posición y sus parámetros esperan 2 argumentos variádicos, pero se proporcionaron 1
  C:\Users\gabri\OneDrive\Documentos\UNIVERSIDAD\8-Semestre\PA en Paralelo\Periodo 2\Project2\CudaCovidPropagation\CudaRuntime1\CudaRuntime1\kernel.cu(412): note: el argumento variádico 2 que falta es requerido por la cadena de formato '%d'
C:\Users\gabri\OneDrive\Documentos\UNIVERSIDAD\8-Semestre\PA en Paralelo\Periodo 2\Project2\CudaCovidPropagation\CudaRuntime1\CudaRuntime1\kernel.cu(413): warning C4473: "printf": no se pasaron suficientes argumentos para la cadena de formato
  C:\Users\gabri\OneDrive\Documentos\UNIVERSIDAD\8-Semestre\PA en Paralelo\Periodo 2\Project2\CudaCovidPropagation\CudaRuntime1\CudaRuntime1\kernel.cu(413): note: los marcadores de posición y sus parámetros esperan 2 argumentos variádicos, pero se proporcionaron 1
  C:\Users\gabri\OneDrive\Documentos\UNIVERSIDAD\8-Semestre\PA en Paralelo\Periodo 2\Project2\CudaCovidPropagation\CudaRuntime1\CudaRuntime1\kernel.cu(413): note: el argumento variádico 2 que falta es requerido por la cadena de formato '%d'
  CudaRuntime1.vcxproj -> C:\Users\gabri\OneDrive\Documentos\UNIVERSIDAD\8-Semestre\PA en Paralelo\Periodo 2\Project2\CudaCovidPropagation\CudaRuntime1\x64\Debug\CudaRuntime1.exe
